- Spork Diagnosis -
-- Summary --
app/models/admin.rb
app/models/event.rb
app/models/organisation.rb
app/models/person.rb
config/boot.rb
config/initializers/backtrace_silencers.rb
config/initializers/devise.rb
config/initializers/inflections.rb
config/initializers/mime_types.rb
config/initializers/new_rails_defaults.rb
config/initializers/rpx.rb
config/initializers/session_store.rb
config/initializers/will_paginate.rb
config/preinitializer.rb
spec/spec_helper.rb



-- Detail --



--- app/models/admin.rb ---
/usr/local/rvm/gems/ruby-1.8.7-p174/gems/activesupport-2.3.8/lib/active_support/dependencies.rb:380:in `load_file'
/usr/local/rvm/gems/ruby-1.8.7-p174/gems/activesupport-2.3.8/lib/active_support/dependencies.rb:521:in `new_constants_in'
/usr/local/rvm/gems/ruby-1.8.7-p174/gems/activesupport-2.3.8/lib/active_support/dependencies.rb:379:in `load_file'
/usr/local/rvm/gems/ruby-1.8.7-p174/gems/activesupport-2.3.8/lib/active_support/dependencies.rb:259:in `require_or_load'
/usr/local/rvm/gems/ruby-1.8.7-p174/gems/activesupport-2.3.8/lib/active_support/dependencies.rb:425:in `load_missing_constant'
/usr/local/rvm/gems/ruby-1.8.7-p174/gems/activesupport-2.3.8/lib/active_support/dependencies.rb:80:in `const_missing'
/usr/local/rvm/gems/ruby-1.8.7-p174/gems/activesupport-2.3.8/lib/active_support/dependencies.rb:92:in `const_missing'
/usr/local/rvm/gems/ruby-1.8.7-p174/gems/activesupport-2.3.8/lib/active_support/inflector.rb:364:in `constantize'
/usr/local/rvm/gems/ruby-1.8.7-p174/gems/activesupport-2.3.8/lib/active_support/inflector.rb:363:in `each'
/usr/local/rvm/gems/ruby-1.8.7-p174/gems/activesupport-2.3.8/lib/active_support/inflector.rb:363:in `constantize'
/usr/local/rvm/gems/ruby-1.8.7-p174/gems/activesupport-2.3.8/lib/active_support/core_ext/string/inflections.rb:162:in `constantize'
/usr/local/rvm/gems/ruby-1.8.7-p174/gems/thinking-sphinx-1.3.18/lib/thinking_sphinx/context.rb:63:in `load_models'
/usr/local/rvm/gems/ruby-1.8.7-p174/gems/thinking-sphinx-1.3.18/lib/thinking_sphinx/context.rb:54:in `each'
/usr/local/rvm/gems/ruby-1.8.7-p174/gems/thinking-sphinx-1.3.18/lib/thinking_sphinx/context.rb:54:in `load_models'
/usr/local/rvm/gems/ruby-1.8.7-p174/gems/thinking-sphinx-1.3.18/lib/thinking_sphinx/context.rb:53:in `each'
/usr/local/rvm/gems/ruby-1.8.7-p174/gems/thinking-sphinx-1.3.18/lib/thinking_sphinx/context.rb:53:in `load_models'
/usr/local/rvm/gems/ruby-1.8.7-p174/gems/thinking-sphinx-1.3.18/lib/thinking_sphinx/context.rb:15:in `prepare'
/usr/local/rvm/gems/ruby-1.8.7-p174/gems/thinking-sphinx-1.3.18/lib/thinking_sphinx.rb:74:in `context'
/usr/local/rvm/gems/ruby-1.8.7-p174/gems/thinking-sphinx-1.3.18/lib/thinking_sphinx.rb:71:in `synchronize'
/usr/local/rvm/gems/ruby-1.8.7-p174/gems/thinking-sphinx-1.3.18/lib/thinking_sphinx.rb:71:in `context'
/usr/local/rvm/gems/ruby-1.8.7-p174/gems/thinking-sphinx-1.3.18/lib/thinking_sphinx/active_record.rb:149:in `define_index'
app/models/event.rb:154
/usr/local/rvm/gems/ruby-1.8.7-p174/gems/activesupport-2.3.8/lib/active_support/dependencies.rb:380:in `load_file'
/usr/local/rvm/gems/ruby-1.8.7-p174/gems/activesupport-2.3.8/lib/active_support/dependencies.rb:521:in `new_constants_in'
/usr/local/rvm/gems/ruby-1.8.7-p174/gems/activesupport-2.3.8/lib/active_support/dependencies.rb:379:in `load_file'
/usr/local/rvm/gems/ruby-1.8.7-p174/gems/activesupport-2.3.8/lib/active_support/dependencies.rb:259:in `require_or_load'
/usr/local/rvm/gems/ruby-1.8.7-p174/gems/activesupport-2.3.8/lib/active_support/dependencies.rb:224:in `depend_on'
/usr/local/rvm/gems/ruby-1.8.7-p174/gems/activesupport-2.3.8/lib/active_support/dependencies.rb:136:in `require_dependency'
/usr/local/rvm/gems/ruby-1.8.7-p174/gems/activerecord-2.3.8/lib/active_record/fixtures.rb:853:in `try_to_load_dependency'
/usr/local/rvm/gems/ruby-1.8.7-p174/gems/activerecord-2.3.8/lib/active_record/fixtures.rb:868:in `require_fixture_classes'
/usr/local/rvm/gems/ruby-1.8.7-p174/gems/activerecord-2.3.8/lib/active_record/fixtures.rb:865:in `each'
/usr/local/rvm/gems/ruby-1.8.7-p174/gems/activerecord-2.3.8/lib/active_record/fixtures.rb:865:in `require_fixture_classes'
/usr/local/rvm/gems/ruby-1.8.7-p174/gems/activerecord-2.3.8/lib/active_record/fixtures.rb:848:in `fixtures'
/usr/local/rvm/gems/ruby-1.8.7-p174/gems/rspec-rails-1.3.2/lib/spec/rails/extensions/spec/runner/configuration.rb:39:in `global_fixtures='
spec/spec_helper.rb:24
/usr/local/rvm/gems/ruby-1.8.7-p174/gems/rspec-1.3.0/lib/spec/runner.rb:41:in `configure'
spec/spec_helper.rb:16



--- app/models/event.rb ---
/usr/local/rvm/gems/ruby-1.8.7-p174/gems/activesupport-2.3.8/lib/active_support/dependencies.rb:380:in `load_file'
/usr/local/rvm/gems/ruby-1.8.7-p174/gems/activesupport-2.3.8/lib/active_support/dependencies.rb:521:in `new_constants_in'
/usr/local/rvm/gems/ruby-1.8.7-p174/gems/activesupport-2.3.8/lib/active_support/dependencies.rb:379:in `load_file'
/usr/local/rvm/gems/ruby-1.8.7-p174/gems/activesupport-2.3.8/lib/active_support/dependencies.rb:259:in `require_or_load'
/usr/local/rvm/gems/ruby-1.8.7-p174/gems/activesupport-2.3.8/lib/active_support/dependencies.rb:224:in `depend_on'
/usr/local/rvm/gems/ruby-1.8.7-p174/gems/activesupport-2.3.8/lib/active_support/dependencies.rb:136:in `require_dependency'
/usr/local/rvm/gems/ruby-1.8.7-p174/gems/activerecord-2.3.8/lib/active_record/fixtures.rb:853:in `try_to_load_dependency'
/usr/local/rvm/gems/ruby-1.8.7-p174/gems/activerecord-2.3.8/lib/active_record/fixtures.rb:868:in `require_fixture_classes'
/usr/local/rvm/gems/ruby-1.8.7-p174/gems/activerecord-2.3.8/lib/active_record/fixtures.rb:865:in `each'
/usr/local/rvm/gems/ruby-1.8.7-p174/gems/activerecord-2.3.8/lib/active_record/fixtures.rb:865:in `require_fixture_classes'
/usr/local/rvm/gems/ruby-1.8.7-p174/gems/activerecord-2.3.8/lib/active_record/fixtures.rb:848:in `fixtures'
/usr/local/rvm/gems/ruby-1.8.7-p174/gems/rspec-rails-1.3.2/lib/spec/rails/extensions/spec/runner/configuration.rb:39:in `global_fixtures='
spec/spec_helper.rb:24
/usr/local/rvm/gems/ruby-1.8.7-p174/gems/rspec-1.3.0/lib/spec/runner.rb:41:in `configure'
spec/spec_helper.rb:16



--- app/models/organisation.rb ---
/usr/local/rvm/gems/ruby-1.8.7-p174/gems/activesupport-2.3.8/lib/active_support/dependencies.rb:380:in `load_file'
/usr/local/rvm/gems/ruby-1.8.7-p174/gems/activesupport-2.3.8/lib/active_support/dependencies.rb:521:in `new_constants_in'
/usr/local/rvm/gems/ruby-1.8.7-p174/gems/activesupport-2.3.8/lib/active_support/dependencies.rb:379:in `load_file'
/usr/local/rvm/gems/ruby-1.8.7-p174/gems/activesupport-2.3.8/lib/active_support/dependencies.rb:259:in `require_or_load'
/usr/local/rvm/gems/ruby-1.8.7-p174/gems/activesupport-2.3.8/lib/active_support/dependencies.rb:425:in `load_missing_constant'
/usr/local/rvm/gems/ruby-1.8.7-p174/gems/activesupport-2.3.8/lib/active_support/dependencies.rb:80:in `const_missing'
/usr/local/rvm/gems/ruby-1.8.7-p174/gems/activesupport-2.3.8/lib/active_support/dependencies.rb:92:in `const_missing'
/usr/local/rvm/gems/ruby-1.8.7-p174/gems/activesupport-2.3.8/lib/active_support/inflector.rb:364:in `constantize'
/usr/local/rvm/gems/ruby-1.8.7-p174/gems/activesupport-2.3.8/lib/active_support/inflector.rb:363:in `each'
/usr/local/rvm/gems/ruby-1.8.7-p174/gems/activesupport-2.3.8/lib/active_support/inflector.rb:363:in `constantize'
/usr/local/rvm/gems/ruby-1.8.7-p174/gems/activesupport-2.3.8/lib/active_support/core_ext/string/inflections.rb:162:in `constantize'
/usr/local/rvm/gems/ruby-1.8.7-p174/gems/thinking-sphinx-1.3.18/lib/thinking_sphinx/context.rb:63:in `load_models'
/usr/local/rvm/gems/ruby-1.8.7-p174/gems/thinking-sphinx-1.3.18/lib/thinking_sphinx/context.rb:54:in `each'
/usr/local/rvm/gems/ruby-1.8.7-p174/gems/thinking-sphinx-1.3.18/lib/thinking_sphinx/context.rb:54:in `load_models'
/usr/local/rvm/gems/ruby-1.8.7-p174/gems/thinking-sphinx-1.3.18/lib/thinking_sphinx/context.rb:53:in `each'
/usr/local/rvm/gems/ruby-1.8.7-p174/gems/thinking-sphinx-1.3.18/lib/thinking_sphinx/context.rb:53:in `load_models'
/usr/local/rvm/gems/ruby-1.8.7-p174/gems/thinking-sphinx-1.3.18/lib/thinking_sphinx/context.rb:15:in `prepare'
/usr/local/rvm/gems/ruby-1.8.7-p174/gems/thinking-sphinx-1.3.18/lib/thinking_sphinx.rb:74:in `context'
/usr/local/rvm/gems/ruby-1.8.7-p174/gems/thinking-sphinx-1.3.18/lib/thinking_sphinx.rb:71:in `synchronize'
/usr/local/rvm/gems/ruby-1.8.7-p174/gems/thinking-sphinx-1.3.18/lib/thinking_sphinx.rb:71:in `context'
/usr/local/rvm/gems/ruby-1.8.7-p174/gems/thinking-sphinx-1.3.18/lib/thinking_sphinx/active_record.rb:149:in `define_index'
app/models/event.rb:154
/usr/local/rvm/gems/ruby-1.8.7-p174/gems/activesupport-2.3.8/lib/active_support/dependencies.rb:380:in `load_file'
/usr/local/rvm/gems/ruby-1.8.7-p174/gems/activesupport-2.3.8/lib/active_support/dependencies.rb:521:in `new_constants_in'
/usr/local/rvm/gems/ruby-1.8.7-p174/gems/activesupport-2.3.8/lib/active_support/dependencies.rb:379:in `load_file'
/usr/local/rvm/gems/ruby-1.8.7-p174/gems/activesupport-2.3.8/lib/active_support/dependencies.rb:259:in `require_or_load'
/usr/local/rvm/gems/ruby-1.8.7-p174/gems/activesupport-2.3.8/lib/active_support/dependencies.rb:224:in `depend_on'
/usr/local/rvm/gems/ruby-1.8.7-p174/gems/activesupport-2.3.8/lib/active_support/dependencies.rb:136:in `require_dependency'
/usr/local/rvm/gems/ruby-1.8.7-p174/gems/activerecord-2.3.8/lib/active_record/fixtures.rb:853:in `try_to_load_dependency'
/usr/local/rvm/gems/ruby-1.8.7-p174/gems/activerecord-2.3.8/lib/active_record/fixtures.rb:868:in `require_fixture_classes'
/usr/local/rvm/gems/ruby-1.8.7-p174/gems/activerecord-2.3.8/lib/active_record/fixtures.rb:865:in `each'
/usr/local/rvm/gems/ruby-1.8.7-p174/gems/activerecord-2.3.8/lib/active_record/fixtures.rb:865:in `require_fixture_classes'
/usr/local/rvm/gems/ruby-1.8.7-p174/gems/activerecord-2.3.8/lib/active_record/fixtures.rb:848:in `fixtures'
/usr/local/rvm/gems/ruby-1.8.7-p174/gems/rspec-rails-1.3.2/lib/spec/rails/extensions/spec/runner/configuration.rb:39:in `global_fixtures='
spec/spec_helper.rb:24
/usr/local/rvm/gems/ruby-1.8.7-p174/gems/rspec-1.3.0/lib/spec/runner.rb:41:in `configure'
spec/spec_helper.rb:16



--- app/models/person.rb ---
/usr/local/rvm/gems/ruby-1.8.7-p174/gems/activesupport-2.3.8/lib/active_support/dependencies.rb:380:in `load_file'
/usr/local/rvm/gems/ruby-1.8.7-p174/gems/activesupport-2.3.8/lib/active_support/dependencies.rb:521:in `new_constants_in'
/usr/local/rvm/gems/ruby-1.8.7-p174/gems/activesupport-2.3.8/lib/active_support/dependencies.rb:379:in `load_file'
/usr/local/rvm/gems/ruby-1.8.7-p174/gems/activesupport-2.3.8/lib/active_support/dependencies.rb:259:in `require_or_load'
/usr/local/rvm/gems/ruby-1.8.7-p174/gems/activesupport-2.3.8/lib/active_support/dependencies.rb:425:in `load_missing_constant'
/usr/local/rvm/gems/ruby-1.8.7-p174/gems/activesupport-2.3.8/lib/active_support/dependencies.rb:80:in `const_missing'
/usr/local/rvm/gems/ruby-1.8.7-p174/gems/activesupport-2.3.8/lib/active_support/dependencies.rb:92:in `const_missing'
/usr/local/rvm/gems/ruby-1.8.7-p174/gems/activesupport-2.3.8/lib/active_support/inflector.rb:364:in `constantize'
/usr/local/rvm/gems/ruby-1.8.7-p174/gems/activesupport-2.3.8/lib/active_support/inflector.rb:363:in `each'
/usr/local/rvm/gems/ruby-1.8.7-p174/gems/activesupport-2.3.8/lib/active_support/inflector.rb:363:in `constantize'
/usr/local/rvm/gems/ruby-1.8.7-p174/gems/activesupport-2.3.8/lib/active_support/core_ext/string/inflections.rb:162:in `constantize'
/usr/local/rvm/gems/ruby-1.8.7-p174/gems/thinking-sphinx-1.3.18/lib/thinking_sphinx/context.rb:63:in `load_models'
/usr/local/rvm/gems/ruby-1.8.7-p174/gems/thinking-sphinx-1.3.18/lib/thinking_sphinx/context.rb:54:in `each'
/usr/local/rvm/gems/ruby-1.8.7-p174/gems/thinking-sphinx-1.3.18/lib/thinking_sphinx/context.rb:54:in `load_models'
/usr/local/rvm/gems/ruby-1.8.7-p174/gems/thinking-sphinx-1.3.18/lib/thinking_sphinx/context.rb:53:in `each'
/usr/local/rvm/gems/ruby-1.8.7-p174/gems/thinking-sphinx-1.3.18/lib/thinking_sphinx/context.rb:53:in `load_models'
/usr/local/rvm/gems/ruby-1.8.7-p174/gems/thinking-sphinx-1.3.18/lib/thinking_sphinx/context.rb:15:in `prepare'
/usr/local/rvm/gems/ruby-1.8.7-p174/gems/thinking-sphinx-1.3.18/lib/thinking_sphinx.rb:74:in `context'
/usr/local/rvm/gems/ruby-1.8.7-p174/gems/thinking-sphinx-1.3.18/lib/thinking_sphinx.rb:71:in `synchronize'
/usr/local/rvm/gems/ruby-1.8.7-p174/gems/thinking-sphinx-1.3.18/lib/thinking_sphinx.rb:71:in `context'
/usr/local/rvm/gems/ruby-1.8.7-p174/gems/thinking-sphinx-1.3.18/lib/thinking_sphinx/active_record.rb:149:in `define_index'
app/models/event.rb:154
/usr/local/rvm/gems/ruby-1.8.7-p174/gems/activesupport-2.3.8/lib/active_support/dependencies.rb:380:in `load_file'
/usr/local/rvm/gems/ruby-1.8.7-p174/gems/activesupport-2.3.8/lib/active_support/dependencies.rb:521:in `new_constants_in'
/usr/local/rvm/gems/ruby-1.8.7-p174/gems/activesupport-2.3.8/lib/active_support/dependencies.rb:379:in `load_file'
/usr/local/rvm/gems/ruby-1.8.7-p174/gems/activesupport-2.3.8/lib/active_support/dependencies.rb:259:in `require_or_load'
/usr/local/rvm/gems/ruby-1.8.7-p174/gems/activesupport-2.3.8/lib/active_support/dependencies.rb:224:in `depend_on'
/usr/local/rvm/gems/ruby-1.8.7-p174/gems/activesupport-2.3.8/lib/active_support/dependencies.rb:136:in `require_dependency'
/usr/local/rvm/gems/ruby-1.8.7-p174/gems/activerecord-2.3.8/lib/active_record/fixtures.rb:853:in `try_to_load_dependency'
/usr/local/rvm/gems/ruby-1.8.7-p174/gems/activerecord-2.3.8/lib/active_record/fixtures.rb:868:in `require_fixture_classes'
/usr/local/rvm/gems/ruby-1.8.7-p174/gems/activerecord-2.3.8/lib/active_record/fixtures.rb:865:in `each'
/usr/local/rvm/gems/ruby-1.8.7-p174/gems/activerecord-2.3.8/lib/active_record/fixtures.rb:865:in `require_fixture_classes'
/usr/local/rvm/gems/ruby-1.8.7-p174/gems/activerecord-2.3.8/lib/active_record/fixtures.rb:848:in `fixtures'
/usr/local/rvm/gems/ruby-1.8.7-p174/gems/rspec-rails-1.3.2/lib/spec/rails/extensions/spec/runner/configuration.rb:39:in `global_fixtures='
spec/spec_helper.rb:24
/usr/local/rvm/gems/ruby-1.8.7-p174/gems/rspec-1.3.0/lib/spec/runner.rb:41:in `configure'
spec/spec_helper.rb:16



--- config/boot.rb ---



--- config/initializers/backtrace_silencers.rb ---
/usr/local/rvm/gems/ruby-1.8.7-p174/gems/activesupport-2.3.8/lib/active_support/dependencies.rb:145:in `load'
/usr/local/rvm/gems/ruby-1.8.7-p174/gems/activesupport-2.3.8/lib/active_support/dependencies.rb:521:in `new_constants_in'
/usr/local/rvm/gems/ruby-1.8.7-p174/gems/activesupport-2.3.8/lib/active_support/dependencies.rb:145:in `load'
/usr/local/rvm/gems/ruby-1.8.7-p174/gems/rails-2.3.8/lib/initializer.rb:622:in `load_application_initializers'
/usr/local/rvm/gems/ruby-1.8.7-p174/gems/rails-2.3.8/lib/initializer.rb:621:in `each'
/usr/local/rvm/gems/ruby-1.8.7-p174/gems/rails-2.3.8/lib/initializer.rb:621:in `load_application_initializers'
/usr/local/rvm/gems/ruby-1.8.7-p174/gems/rails-2.3.8/lib/initializer.rb:176:in `process'
/usr/local/rvm/gems/ruby-1.8.7-p174/gems/rails-2.3.8/lib/initializer.rb:113:in `send'
/usr/local/rvm/gems/ruby-1.8.7-p174/gems/rails-2.3.8/lib/initializer.rb:113:in `run_without_spork'
/usr/local/rvm/gems/ruby-1.8.7-p174/gems/spork-0.8.4/lib/spork/app_framework/rails.rb:18:in `run'
config/environment.rb:9
spec/spec_helper.rb:7:in `require'
spec/spec_helper.rb:7
/usr/local/rvm/gems/ruby-1.8.7-p174/gems/spork-0.8.4/bin/../lib/spork.rb:23:in `prefork'
spec/spec_helper.rb:6



--- config/initializers/devise.rb ---
/usr/local/rvm/gems/ruby-1.8.7-p174/gems/activesupport-2.3.8/lib/active_support/dependencies.rb:145:in `load'
/usr/local/rvm/gems/ruby-1.8.7-p174/gems/activesupport-2.3.8/lib/active_support/dependencies.rb:521:in `new_constants_in'
/usr/local/rvm/gems/ruby-1.8.7-p174/gems/activesupport-2.3.8/lib/active_support/dependencies.rb:145:in `load'
/usr/local/rvm/gems/ruby-1.8.7-p174/gems/rails-2.3.8/lib/initializer.rb:622:in `load_application_initializers'
/usr/local/rvm/gems/ruby-1.8.7-p174/gems/rails-2.3.8/lib/initializer.rb:621:in `each'
/usr/local/rvm/gems/ruby-1.8.7-p174/gems/rails-2.3.8/lib/initializer.rb:621:in `load_application_initializers'
/usr/local/rvm/gems/ruby-1.8.7-p174/gems/rails-2.3.8/lib/initializer.rb:176:in `process'
/usr/local/rvm/gems/ruby-1.8.7-p174/gems/rails-2.3.8/lib/initializer.rb:113:in `send'
/usr/local/rvm/gems/ruby-1.8.7-p174/gems/rails-2.3.8/lib/initializer.rb:113:in `run_without_spork'
/usr/local/rvm/gems/ruby-1.8.7-p174/gems/spork-0.8.4/lib/spork/app_framework/rails.rb:18:in `run'
config/environment.rb:9
spec/spec_helper.rb:7:in `require'
spec/spec_helper.rb:7
/usr/local/rvm/gems/ruby-1.8.7-p174/gems/spork-0.8.4/bin/../lib/spork.rb:23:in `prefork'
spec/spec_helper.rb:6



--- config/initializers/inflections.rb ---
/usr/local/rvm/gems/ruby-1.8.7-p174/gems/activesupport-2.3.8/lib/active_support/dependencies.rb:145:in `load'
/usr/local/rvm/gems/ruby-1.8.7-p174/gems/activesupport-2.3.8/lib/active_support/dependencies.rb:521:in `new_constants_in'
/usr/local/rvm/gems/ruby-1.8.7-p174/gems/activesupport-2.3.8/lib/active_support/dependencies.rb:145:in `load'
/usr/local/rvm/gems/ruby-1.8.7-p174/gems/rails-2.3.8/lib/initializer.rb:622:in `load_application_initializers'
/usr/local/rvm/gems/ruby-1.8.7-p174/gems/rails-2.3.8/lib/initializer.rb:621:in `each'
/usr/local/rvm/gems/ruby-1.8.7-p174/gems/rails-2.3.8/lib/initializer.rb:621:in `load_application_initializers'
/usr/local/rvm/gems/ruby-1.8.7-p174/gems/rails-2.3.8/lib/initializer.rb:176:in `process'
/usr/local/rvm/gems/ruby-1.8.7-p174/gems/rails-2.3.8/lib/initializer.rb:113:in `send'
/usr/local/rvm/gems/ruby-1.8.7-p174/gems/rails-2.3.8/lib/initializer.rb:113:in `run_without_spork'
/usr/local/rvm/gems/ruby-1.8.7-p174/gems/spork-0.8.4/lib/spork/app_framework/rails.rb:18:in `run'
config/environment.rb:9
spec/spec_helper.rb:7:in `require'
spec/spec_helper.rb:7
/usr/local/rvm/gems/ruby-1.8.7-p174/gems/spork-0.8.4/bin/../lib/spork.rb:23:in `prefork'
spec/spec_helper.rb:6



--- config/initializers/mime_types.rb ---
/usr/local/rvm/gems/ruby-1.8.7-p174/gems/activesupport-2.3.8/lib/active_support/dependencies.rb:145:in `load'
/usr/local/rvm/gems/ruby-1.8.7-p174/gems/activesupport-2.3.8/lib/active_support/dependencies.rb:521:in `new_constants_in'
/usr/local/rvm/gems/ruby-1.8.7-p174/gems/activesupport-2.3.8/lib/active_support/dependencies.rb:145:in `load'
/usr/local/rvm/gems/ruby-1.8.7-p174/gems/rails-2.3.8/lib/initializer.rb:622:in `load_application_initializers'
/usr/local/rvm/gems/ruby-1.8.7-p174/gems/rails-2.3.8/lib/initializer.rb:621:in `each'
/usr/local/rvm/gems/ruby-1.8.7-p174/gems/rails-2.3.8/lib/initializer.rb:621:in `load_application_initializers'
/usr/local/rvm/gems/ruby-1.8.7-p174/gems/rails-2.3.8/lib/initializer.rb:176:in `process'
/usr/local/rvm/gems/ruby-1.8.7-p174/gems/rails-2.3.8/lib/initializer.rb:113:in `send'
/usr/local/rvm/gems/ruby-1.8.7-p174/gems/rails-2.3.8/lib/initializer.rb:113:in `run_without_spork'
/usr/local/rvm/gems/ruby-1.8.7-p174/gems/spork-0.8.4/lib/spork/app_framework/rails.rb:18:in `run'
config/environment.rb:9
spec/spec_helper.rb:7:in `require'
spec/spec_helper.rb:7
/usr/local/rvm/gems/ruby-1.8.7-p174/gems/spork-0.8.4/bin/../lib/spork.rb:23:in `prefork'
spec/spec_helper.rb:6



--- config/initializers/new_rails_defaults.rb ---
/usr/local/rvm/gems/ruby-1.8.7-p174/gems/activesupport-2.3.8/lib/active_support/dependencies.rb:145:in `load'
/usr/local/rvm/gems/ruby-1.8.7-p174/gems/activesupport-2.3.8/lib/active_support/dependencies.rb:521:in `new_constants_in'
/usr/local/rvm/gems/ruby-1.8.7-p174/gems/activesupport-2.3.8/lib/active_support/dependencies.rb:145:in `load'
/usr/local/rvm/gems/ruby-1.8.7-p174/gems/rails-2.3.8/lib/initializer.rb:622:in `load_application_initializers'
/usr/local/rvm/gems/ruby-1.8.7-p174/gems/rails-2.3.8/lib/initializer.rb:621:in `each'
/usr/local/rvm/gems/ruby-1.8.7-p174/gems/rails-2.3.8/lib/initializer.rb:621:in `load_application_initializers'
/usr/local/rvm/gems/ruby-1.8.7-p174/gems/rails-2.3.8/lib/initializer.rb:176:in `process'
/usr/local/rvm/gems/ruby-1.8.7-p174/gems/rails-2.3.8/lib/initializer.rb:113:in `send'
/usr/local/rvm/gems/ruby-1.8.7-p174/gems/rails-2.3.8/lib/initializer.rb:113:in `run_without_spork'
/usr/local/rvm/gems/ruby-1.8.7-p174/gems/spork-0.8.4/lib/spork/app_framework/rails.rb:18:in `run'
config/environment.rb:9
spec/spec_helper.rb:7:in `require'
spec/spec_helper.rb:7
/usr/local/rvm/gems/ruby-1.8.7-p174/gems/spork-0.8.4/bin/../lib/spork.rb:23:in `prefork'
spec/spec_helper.rb:6



--- config/initializers/rpx.rb ---
/usr/local/rvm/gems/ruby-1.8.7-p174/gems/activesupport-2.3.8/lib/active_support/dependencies.rb:145:in `load'
/usr/local/rvm/gems/ruby-1.8.7-p174/gems/activesupport-2.3.8/lib/active_support/dependencies.rb:521:in `new_constants_in'
/usr/local/rvm/gems/ruby-1.8.7-p174/gems/activesupport-2.3.8/lib/active_support/dependencies.rb:145:in `load'
/usr/local/rvm/gems/ruby-1.8.7-p174/gems/rails-2.3.8/lib/initializer.rb:622:in `load_application_initializers'
/usr/local/rvm/gems/ruby-1.8.7-p174/gems/rails-2.3.8/lib/initializer.rb:621:in `each'
/usr/local/rvm/gems/ruby-1.8.7-p174/gems/rails-2.3.8/lib/initializer.rb:621:in `load_application_initializers'
/usr/local/rvm/gems/ruby-1.8.7-p174/gems/rails-2.3.8/lib/initializer.rb:176:in `process'
/usr/local/rvm/gems/ruby-1.8.7-p174/gems/rails-2.3.8/lib/initializer.rb:113:in `send'
/usr/local/rvm/gems/ruby-1.8.7-p174/gems/rails-2.3.8/lib/initializer.rb:113:in `run_without_spork'
/usr/local/rvm/gems/ruby-1.8.7-p174/gems/spork-0.8.4/lib/spork/app_framework/rails.rb:18:in `run'
config/environment.rb:9
spec/spec_helper.rb:7:in `require'
spec/spec_helper.rb:7
/usr/local/rvm/gems/ruby-1.8.7-p174/gems/spork-0.8.4/bin/../lib/spork.rb:23:in `prefork'
spec/spec_helper.rb:6



--- config/initializers/session_store.rb ---
/usr/local/rvm/gems/ruby-1.8.7-p174/gems/activesupport-2.3.8/lib/active_support/dependencies.rb:145:in `load'
/usr/local/rvm/gems/ruby-1.8.7-p174/gems/activesupport-2.3.8/lib/active_support/dependencies.rb:521:in `new_constants_in'
/usr/local/rvm/gems/ruby-1.8.7-p174/gems/activesupport-2.3.8/lib/active_support/dependencies.rb:145:in `load'
/usr/local/rvm/gems/ruby-1.8.7-p174/gems/rails-2.3.8/lib/initializer.rb:622:in `load_application_initializers'
/usr/local/rvm/gems/ruby-1.8.7-p174/gems/rails-2.3.8/lib/initializer.rb:621:in `each'
/usr/local/rvm/gems/ruby-1.8.7-p174/gems/rails-2.3.8/lib/initializer.rb:621:in `load_application_initializers'
/usr/local/rvm/gems/ruby-1.8.7-p174/gems/rails-2.3.8/lib/initializer.rb:176:in `process'
/usr/local/rvm/gems/ruby-1.8.7-p174/gems/rails-2.3.8/lib/initializer.rb:113:in `send'
/usr/local/rvm/gems/ruby-1.8.7-p174/gems/rails-2.3.8/lib/initializer.rb:113:in `run_without_spork'
/usr/local/rvm/gems/ruby-1.8.7-p174/gems/spork-0.8.4/lib/spork/app_framework/rails.rb:18:in `run'
config/environment.rb:9
spec/spec_helper.rb:7:in `require'
spec/spec_helper.rb:7
/usr/local/rvm/gems/ruby-1.8.7-p174/gems/spork-0.8.4/bin/../lib/spork.rb:23:in `prefork'
spec/spec_helper.rb:6



--- config/initializers/will_paginate.rb ---
/usr/local/rvm/gems/ruby-1.8.7-p174/gems/activesupport-2.3.8/lib/active_support/dependencies.rb:145:in `load'
/usr/local/rvm/gems/ruby-1.8.7-p174/gems/activesupport-2.3.8/lib/active_support/dependencies.rb:521:in `new_constants_in'
/usr/local/rvm/gems/ruby-1.8.7-p174/gems/activesupport-2.3.8/lib/active_support/dependencies.rb:145:in `load'
/usr/local/rvm/gems/ruby-1.8.7-p174/gems/rails-2.3.8/lib/initializer.rb:622:in `load_application_initializers'
/usr/local/rvm/gems/ruby-1.8.7-p174/gems/rails-2.3.8/lib/initializer.rb:621:in `each'
/usr/local/rvm/gems/ruby-1.8.7-p174/gems/rails-2.3.8/lib/initializer.rb:621:in `load_application_initializers'
/usr/local/rvm/gems/ruby-1.8.7-p174/gems/rails-2.3.8/lib/initializer.rb:176:in `process'
/usr/local/rvm/gems/ruby-1.8.7-p174/gems/rails-2.3.8/lib/initializer.rb:113:in `send'
/usr/local/rvm/gems/ruby-1.8.7-p174/gems/rails-2.3.8/lib/initializer.rb:113:in `run_without_spork'
/usr/local/rvm/gems/ruby-1.8.7-p174/gems/spork-0.8.4/lib/spork/app_framework/rails.rb:18:in `run'
config/environment.rb:9
spec/spec_helper.rb:7:in `require'
spec/spec_helper.rb:7
/usr/local/rvm/gems/ruby-1.8.7-p174/gems/spork-0.8.4/bin/../lib/spork.rb:23:in `prefork'
spec/spec_helper.rb:6



--- config/preinitializer.rb ---



--- spec/spec_helper.rb ---
